[debug] [2022-05-09T03:16:22.246Z] ----------------------------------------------------------------------
[debug] [2022-05-09T03:16:22.247Z] Command:       /usr/local/bin/node /usr/local/bin/firebase emulators:start
[debug] [2022-05-09T03:16:22.247Z] CLI Version:   10.8.0
[debug] [2022-05-09T03:16:22.247Z] Platform:      darwin
[debug] [2022-05-09T03:16:22.247Z] Node Version:  v17.4.0
[debug] [2022-05-09T03:16:22.248Z] Time:          Sun May 08 2022 23:16:22 GMT-0400 (Eastern Daylight Time)
[debug] [2022-05-09T03:16:22.248Z] ----------------------------------------------------------------------
[debug] 
[debug] [2022-05-09T03:16:22.250Z] >>> [apiv2][query] GET https://firebase-public.firebaseio.com/cli.json [none]
[debug] [2022-05-09T03:16:22.336Z] Field ".emulators.hosting.port" in "firebase.json" is possibly invalid: should be number
[debug] [2022-05-09T03:16:22.339Z] > command requires scopes: ["email","openid","https://www.googleapis.com/auth/cloudplatformprojects.readonly","https://www.googleapis.com/auth/firebase","https://www.googleapis.com/auth/cloud-platform"]
[debug] [2022-05-09T03:16:22.339Z] > authorizing via signed-in user (pro.rodrigoh@gmail.com)
[info] i  emulators: Starting emulators: functions, hosting {"metadata":{"emulator":{"name":"hub"},"message":"Starting emulators: functions, hosting"}}
[debug] [2022-05-09T03:16:22.349Z] [hub] writing locator at /var/folders/79/nq1959v15y7bfsrpxh_51rpr0000gn/T/hub-template-firebase-crud.json
[warn] ⚠  functions: The following emulators are not running, calls to these services from the Functions emulator will affect production: auth, firestore, database, pubsub, storage {"metadata":{"emulator":{"name":"functions"},"message":"The following emulators are not running, calls to these services from the Functions emulator will affect production: \u001b[1mauth, firestore, database, pubsub, storage\u001b[22m"}}
[warn] ⚠  Your requested "node" version "16" doesn't match your global version "17". Using node@17 from host. {"metadata":{"emulator":{"name":"functions"},"message":"Your requested \"node\" version \"16\" doesn't match your global version \"17\". Using node@17 from host."}}
[debug] [2022-05-09T03:16:22.368Z] defaultcredentials: writing to file /Users/RODMAC/.config/firebase/pro_rodrigoh_gmail.com_application_default_credentials.json
[debug] [2022-05-09T03:16:22.370Z] Setting GAC to /Users/RODMAC/.config/firebase/pro_rodrigoh_gmail.com_application_default_credentials.json {"metadata":{"emulator":{"name":"functions"},"message":"Setting GAC to /Users/RODMAC/.config/firebase/pro_rodrigoh_gmail.com_application_default_credentials.json"}}
[debug] [2022-05-09T03:16:22.370Z] > refreshing access token with scopes: []
[debug] [2022-05-09T03:16:22.371Z] >>> HTTP REQUEST POST https://www.googleapis.com/oauth2/v3/token  
 <request body omitted>
[debug] [2022-05-09T03:16:22.463Z] <<< HTTP RESPONSE 200 {"expires":"Mon, 01 Jan 1990 00:00:00 GMT","date":"Mon, 09 May 2022 03:16:22 GMT","pragma":"no-cache","cache-control":"no-cache, no-store, max-age=0, must-revalidate","content-type":"application/json; charset=utf-8","vary":"X-Origin, Referer, Origin,Accept-Encoding","server":"scaffolding on HTTPServer2","x-xss-protection":"0","x-frame-options":"SAMEORIGIN","x-content-type-options":"nosniff","alt-svc":"h3=\":443\"; ma=2592000,h3-29=\":443\"; ma=2592000,h3-Q050=\":443\"; ma=2592000,h3-Q046=\":443\"; ma=2592000,h3-Q043=\":443\"; ma=2592000,quic=\":443\"; ma=2592000; v=\"46,43\"","accept-ranges":"none","transfer-encoding":"chunked"}
[debug] [2022-05-09T03:16:22.502Z] >>> [apiv2][query] GET https://firebase.googleapis.com/v1beta1/projects/template-firebase-crud/adminSdkConfig [none]
[debug] [2022-05-09T03:16:22.506Z] <<< [apiv2][status] GET https://firebase-public.firebaseio.com/cli.json 200
[debug] [2022-05-09T03:16:22.506Z] <<< [apiv2][body] GET https://firebase-public.firebaseio.com/cli.json {"cloudBuildErrorAfter":1594252800000,"cloudBuildWarnAfter":1590019200000,"defaultNode10After":1594252800000,"minVersion":"3.0.5","node8DeploysDisabledAfter":1613390400000,"node8RuntimeDisabledAfter":1615809600000,"node8WarnAfter":1600128000000}
[debug] [2022-05-09T03:16:22.780Z] <<< [apiv2][status] GET https://firebase.googleapis.com/v1beta1/projects/template-firebase-crud/adminSdkConfig 200
[debug] [2022-05-09T03:16:22.780Z] <<< [apiv2][body] GET https://firebase.googleapis.com/v1beta1/projects/template-firebase-crud/adminSdkConfig {"projectId":"template-firebase-crud","storageBucket":"template-firebase-crud.appspot.com","locationId":"us-central"}
[debug] [2022-05-09T03:16:22.816Z] >>> [apiv2][query] GET https://firebasehosting.googleapis.com/v1beta1/projects/template-firebase-crud/sites 
[debug] [2022-05-09T03:16:23.524Z] <<< [apiv2][status] GET https://firebasehosting.googleapis.com/v1beta1/projects/template-firebase-crud/sites 200
[debug] [2022-05-09T03:16:23.524Z] <<< [apiv2][body] GET https://firebasehosting.googleapis.com/v1beta1/projects/template-firebase-crud/sites {"sites":[{"name":"projects/template-firebase-crud/sites/template-firebase-crud","defaultUrl":"https://template-firebase-crud.web.app","type":"DEFAULT_SITE"}]}
[debug] [2022-05-09T03:16:23.525Z] >>> [apiv2][query] GET https://firebase.googleapis.com/v1beta1/projects/template-firebase-crud/webApps/-/config [none]
[debug] [2022-05-09T03:16:23.982Z] <<< [apiv2][status] GET https://firebase.googleapis.com/v1beta1/projects/template-firebase-crud/webApps/-/config 200
[debug] [2022-05-09T03:16:23.982Z] <<< [apiv2][body] GET https://firebase.googleapis.com/v1beta1/projects/template-firebase-crud/webApps/-/config {"projectId":"template-firebase-crud","storageBucket":"template-firebase-crud.appspot.com","locationId":"us-central","apiKey":"AIzaSyAsGTqU3sVq4PU26mTQ2vfP6VsRXzPzT6A","authDomain":"template-firebase-crud.firebaseapp.com","messagingSenderId":"10936435431"}
[info] i  hosting: Serving hosting files from: public {"metadata":{"emulator":{"name":"hosting"},"message":"Serving hosting files from: \u001b[1mpublic\u001b[22m"}}
[info] ✔  hosting: Local server: http://localhost:5050 {"metadata":{"emulator":{"name":"hosting"},"message":"Local server: \u001b[4m\u001b[1mhttp://localhost:5050\u001b[22m\u001b[24m"}}
[warn] ⚠  ui: Emulator UI unable to start on port 4000, starting on 4001 instead. {"metadata":{"emulator":{"name":"ui"},"message":"Emulator UI unable to start on port 4000, starting on 4001 instead."}}
[debug] [2022-05-09T03:16:24.351Z] Ignoring unsupported arg: auto_download {"metadata":{"emulator":{"name":"ui"},"message":"Ignoring unsupported arg: auto_download"}}
[debug] [2022-05-09T03:16:24.352Z] Ignoring unsupported arg: port {"metadata":{"emulator":{"name":"ui"},"message":"Ignoring unsupported arg: port"}}
[debug] [2022-05-09T03:16:24.352Z] Starting Emulator UI with command {"binary":"node","args":["/Users/RODMAC/.cache/firebase/emulators/ui-v1.6.6/server.bundle.js"],"optionalArgs":[],"joinArgs":false} {"metadata":{"emulator":{"name":"ui"},"message":"Starting Emulator UI with command {\"binary\":\"node\",\"args\":[\"/Users/RODMAC/.cache/firebase/emulators/ui-v1.6.6/server.bundle.js\"],\"optionalArgs\":[],\"joinArgs\":false}"}}
[info] i  ui: Emulator UI logging to ui-debug.log {"metadata":{"emulator":{"name":"ui"},"message":"Emulator UI logging to \u001b[1mui-debug.log\u001b[22m"}}
[debug] [2022-05-09T03:16:24.426Z] Web / API server started at localhost:4001
 {"metadata":{"emulator":{"name":"ui"},"message":"Web / API server started at localhost:4001\n"}}
[info] i  functions: Watching "/Users/RODMAC/code/firebase-crud/functions" for Cloud Functions... {"metadata":{"emulator":{"name":"functions"},"message":"Watching \"/Users/RODMAC/code/firebase-crud/functions\" for Cloud Functions..."}}
[debug] [2022-05-09T03:16:24.624Z] Validating nodejs source
[debug] [2022-05-09T03:16:25.374Z] > [functions] package.json contents: {
  "name": "functions",
  "description": "Cloud Functions for Firebase",
  "scripts": {
    "serve": "firebase emulators:start --only functions",
    "shell": "firebase functions:shell",
    "start": "npm run shell",
    "deploy": "firebase deploy --only functions",
    "logs": "firebase functions:log"
  },
  "engines": {
    "node": "16"
  },
  "main": "index.js",
  "type": "module",
  "dependencies": {
    "cors": "^2.8.5",
    "express": "^4.18.1",
    "firebase-admin": "^10.2.0",
    "firebase-functions": "^3.18.0"
  },
  "devDependencies": {
    "firebase-functions-test": "^0.2.0"
  },
  "private": true
}
[debug] [2022-05-09T03:16:25.375Z] Building nodejs source
[debug] [2022-05-09T03:16:25.375Z] Analyzing nodejs backend spec
[info] ✔  functions[us-central1-api]: http function initialized (http://localhost:5001/template-firebase-crud/us-central1/api). {"metadata":{"emulator":{"name":"functions"},"message":"\u001b[1mhttp\u001b[22m function initialized (http://localhost:5001/template-firebase-crud/us-central1/api)."}}
[info] 
┌─────────────────────────────────────────────────────────────┐
│ ✔  All emulators ready! It is now safe to connect your app. │
│ i  View Emulator UI at http://localhost:4001                │
└─────────────────────────────────────────────────────────────┘

┌───────────┬────────────────┬─────────────────────────────────┐
│ Emulator  │ Host:Port      │ View in Emulator UI             │
├───────────┼────────────────┼─────────────────────────────────┤
│ Functions │ localhost:5001 │ http://localhost:4001/functions │
├───────────┼────────────────┼─────────────────────────────────┤
│ Hosting   │ localhost:5050 │ n/a                             │
└───────────┴────────────────┴─────────────────────────────────┘
  Emulator Hub running at localhost:4400
  Other reserved ports: 4500

Issues? Report them at https://github.com/firebase/firebase-tools/issues and attach the *-debug.log files.
 
[info] [hosting] Rewriting / to http://localhost:5001/template-firebase-crud/us-central1/api for local Function us-central1/api
[debug] [2022-05-09T03:16:36.930Z] >>> [apiv2][query] GET http://localhost:5001/template-firebase-crud/us-central1/api/ 
[debug] [2022-05-09T03:16:36.936Z] [work-queue] {"queueLength":1,"workRunningCount":0}
[debug] [2022-05-09T03:16:36.936Z] [work-queue] {"queueLength":0,"workRunningCount":1}
[debug] [2022-05-09T03:16:36.937Z] Accepted request GET /template-firebase-crud/us-central1/api/ --> us-central1-api
[debug] [2022-05-09T03:16:36.944Z] [worker-pool] addWorker(us-central1-api) {"metadata":{"emulator":{"name":"functions"},"message":"[worker-pool] addWorker(us-central1-api)"}}
[debug] [2022-05-09T03:16:36.944Z] [worker-pool] Adding worker with key us-central1-api, total=1 {"metadata":{"emulator":{"name":"functions"},"message":"[worker-pool] Adding worker with key us-central1-api, total=1"}}
[debug] [2022-05-09T03:16:36.945Z] [worker-pool] submitWork(triggerId=us-central1-api) {"metadata":{"emulator":{"name":"functions"},"message":"[worker-pool] submitWork(triggerId=us-central1-api)"}}
[debug] [2022-05-09T03:16:36.945Z] [worker-us-central1-api-4ea72bcc-791c-491d-9953-bf3c7f9f1493]: Assigning socketPath: /var/folders/79/nq1959v15y7bfsrpxh_51rpr0000gn/T/fire_emu_5020.sock {"metadata":{"emulator":{"name":"functions"},"message":"[worker-us-central1-api-4ea72bcc-791c-491d-9953-bf3c7f9f1493]: Assigning socketPath: /var/folders/79/nq1959v15y7bfsrpxh_51rpr0000gn/T/fire_emu_5020.sock"}}
[debug] [2022-05-09T03:16:36.945Z] [worker-us-central1-api-4ea72bcc-791c-491d-9953-bf3c7f9f1493]: BUSY {"metadata":{"emulator":{"name":"functions"},"message":"[worker-us-central1-api-4ea72bcc-791c-491d-9953-bf3c7f9f1493]: BUSY"}}
[debug] [2022-05-09T03:16:37.329Z] [runtime-status] [5020] Functions runtime initialized. {"cwd":"/Users/RODMAC/code/firebase-crud/functions","node_version":"17.4.0"} {"metadata":{"emulator":{"name":"functions"},"function":{"name":"us-central1-api"},"extension":{},"message":"[runtime-status] [5020] Functions runtime initialized. {\"cwd\":\"/Users/RODMAC/code/firebase-crud/functions\",\"node_version\":\"17.4.0\"}"}}
[debug] [2022-05-09T03:16:37.329Z] [runtime-status] [5020] Disabled runtime features: undefined {"metadata":{"emulator":{"name":"functions"},"function":{"name":"us-central1-api"},"extension":{},"message":"[runtime-status] [5020] Disabled runtime features: undefined"}}
[debug] [2022-05-09T03:16:37.330Z] [runtime-status] [5020] Resolved module firebase-admin {"declared":true,"installed":true,"version":"10.2.0","resolution":"/Users/RODMAC/code/firebase-crud/functions/node_modules/firebase-admin/lib/index.js"} {"metadata":{"emulator":{"name":"functions"},"function":{"name":"us-central1-api"},"extension":{},"message":"[runtime-status] [5020] Resolved module firebase-admin {\"declared\":true,\"installed\":true,\"version\":\"10.2.0\",\"resolution\":\"/Users/RODMAC/code/firebase-crud/functions/node_modules/firebase-admin/lib/index.js\"}"}}
[debug] [2022-05-09T03:16:37.331Z] [runtime-status] [5020] Resolved module firebase-functions {"declared":true,"installed":true,"version":"3.21.0","resolution":"/Users/RODMAC/code/firebase-crud/functions/node_modules/firebase-functions/lib/index.js"} {"metadata":{"emulator":{"name":"functions"},"function":{"name":"us-central1-api"},"extension":{},"message":"[runtime-status] [5020] Resolved module firebase-functions {\"declared\":true,\"installed\":true,\"version\":\"3.21.0\",\"resolution\":\"/Users/RODMAC/code/firebase-crud/functions/node_modules/firebase-functions/lib/index.js\"}"}}
[debug] [2022-05-09T03:16:37.331Z] [runtime-status] [5020] Outgoing network have been stubbed. [{"name":"http","status":"mocked"},{"name":"http","status":"mocked"},{"name":"https","status":"mocked"},{"name":"https","status":"mocked"},{"name":"net","status":"mocked"}] {"metadata":{"emulator":{"name":"functions"},"function":{"name":"us-central1-api"},"extension":{},"message":"[runtime-status] [5020] Outgoing network have been stubbed. [{\"name\":\"http\",\"status\":\"mocked\"},{\"name\":\"http\",\"status\":\"mocked\"},{\"name\":\"https\",\"status\":\"mocked\"},{\"name\":\"https\",\"status\":\"mocked\"},{\"name\":\"net\",\"status\":\"mocked\"}]"}}
[debug] [2022-05-09T03:16:37.331Z] [runtime-status] [5020] Resolved module firebase-functions {"declared":true,"installed":true,"version":"3.21.0","resolution":"/Users/RODMAC/code/firebase-crud/functions/node_modules/firebase-functions/lib/index.js"} {"metadata":{"emulator":{"name":"functions"},"function":{"name":"us-central1-api"},"extension":{},"message":"[runtime-status] [5020] Resolved module firebase-functions {\"declared\":true,\"installed\":true,\"version\":\"3.21.0\",\"resolution\":\"/Users/RODMAC/code/firebase-crud/functions/node_modules/firebase-functions/lib/index.js\"}"}}
[debug] [2022-05-09T03:16:37.347Z] [runtime-status] [5020] Checked functions.config() {"config":{}} {"metadata":{"emulator":{"name":"functions"},"function":{"name":"us-central1-api"},"extension":{},"message":"[runtime-status] [5020] Checked functions.config() {\"config\":{}}"}}
[debug] [2022-05-09T03:16:37.347Z] [runtime-status] [5020] firebase-functions has been stubbed. {"functionsResolution":{"declared":true,"installed":true,"version":"3.21.0","resolution":"/Users/RODMAC/code/firebase-crud/functions/node_modules/firebase-functions/lib/index.js"}} {"metadata":{"emulator":{"name":"functions"},"function":{"name":"us-central1-api"},"extension":{},"message":"[runtime-status] [5020] firebase-functions has been stubbed. {\"functionsResolution\":{\"declared\":true,\"installed\":true,\"version\":\"3.21.0\",\"resolution\":\"/Users/RODMAC/code/firebase-crud/functions/node_modules/firebase-functions/lib/index.js\"}}"}}
[debug] [2022-05-09T03:16:37.350Z] [runtime-status] [5020] Resolved module firebase-functions {"declared":true,"installed":true,"version":"3.21.0","resolution":"/Users/RODMAC/code/firebase-crud/functions/node_modules/firebase-functions/lib/index.js"} {"metadata":{"emulator":{"name":"functions"},"function":{"name":"us-central1-api"},"extension":{},"message":"[runtime-status] [5020] Resolved module firebase-functions {\"declared\":true,\"installed\":true,\"version\":\"3.21.0\",\"resolution\":\"/Users/RODMAC/code/firebase-crud/functions/node_modules/firebase-functions/lib/index.js\"}"}}
[debug] [2022-05-09T03:16:37.350Z] [runtime-status] [5020] Resolved module firebase-admin {"declared":true,"installed":true,"version":"10.2.0","resolution":"/Users/RODMAC/code/firebase-crud/functions/node_modules/firebase-admin/lib/index.js"} {"metadata":{"emulator":{"name":"functions"},"function":{"name":"us-central1-api"},"extension":{},"message":"[runtime-status] [5020] Resolved module firebase-admin {\"declared\":true,\"installed\":true,\"version\":\"10.2.0\",\"resolution\":\"/Users/RODMAC/code/firebase-crud/functions/node_modules/firebase-admin/lib/index.js\"}"}}
[debug] [2022-05-09T03:16:37.350Z] [runtime-status] [5020] Resolved module firebase-functions {"declared":true,"installed":true,"version":"3.21.0","resolution":"/Users/RODMAC/code/firebase-crud/functions/node_modules/firebase-functions/lib/index.js"} {"metadata":{"emulator":{"name":"functions"},"function":{"name":"us-central1-api"},"extension":{},"message":"[runtime-status] [5020] Resolved module firebase-functions {\"declared\":true,\"installed\":true,\"version\":\"3.21.0\",\"resolution\":\"/Users/RODMAC/code/firebase-crud/functions/node_modules/firebase-functions/lib/index.js\"}"}}
[debug] [2022-05-09T03:16:37.351Z] [runtime-status] [5020] firebase-admin has been stubbed. {"adminResolution":{"declared":true,"installed":true,"version":"10.2.0","resolution":"/Users/RODMAC/code/firebase-crud/functions/node_modules/firebase-admin/lib/index.js"}} {"metadata":{"emulator":{"name":"functions"},"function":{"name":"us-central1-api"},"extension":{},"message":"[runtime-status] [5020] firebase-admin has been stubbed. {\"adminResolution\":{\"declared\":true,\"installed\":true,\"version\":\"10.2.0\",\"resolution\":\"/Users/RODMAC/code/firebase-crud/functions/node_modules/firebase-admin/lib/index.js\"}}"}}
[debug] [2022-05-09T03:16:37.392Z] [runtime-status] [5020] Beginning invocation function api! {"metadata":{"emulator":{"name":"functions"},"function":{"name":"us-central1-api"},"extension":{},"message":"[runtime-status] [5020] Beginning invocation function api!"}}
[info] i  functions: Beginning execution of "api" {"metadata":{"emulator":{"name":"functions"},"function":{"name":"us-central1-api"},"extension":{},"message":"Beginning execution of \"api\""}}
[debug] [2022-05-09T03:16:37.392Z] [runtime-status] [5020] Running api in signature http {"metadata":{"emulator":{"name":"functions"},"function":{"name":"us-central1-api"},"extension":{},"message":"[runtime-status] [5020] Running api in signature http"}}
[debug] [2022-05-09T03:16:37.393Z] [runtime-status] [5020] Attempting to listen to socketPath: /var/folders/79/nq1959v15y7bfsrpxh_51rpr0000gn/T/fire_emu_5020.sock {"metadata":{"emulator":{"name":"functions"},"function":{"name":"us-central1-api"},"extension":{},"message":"[runtime-status] [5020] Attempting to listen to socketPath: /var/folders/79/nq1959v15y7bfsrpxh_51rpr0000gn/T/fire_emu_5020.sock"}}
[debug] [2022-05-09T03:16:37.397Z] [functions] Runtime ready! Sending request! {"metadata":{"emulator":{"name":"functions"},"message":"[functions] Runtime ready! Sending request!"}}
[debug] [2022-05-09T03:16:37.397Z] [functions] Got req.url=/template-firebase-crud/us-central1/api/, mapping to path=/ {"metadata":{"emulator":{"name":"functions"},"message":"[functions] Got req.url=/template-firebase-crud/us-central1/api/, mapping to path=/"}}
[debug] [2022-05-09T03:16:37.401Z] [runtime-status] [5020] Ephemeral server handling GET request {"metadata":{"emulator":{"name":"functions"},"function":{"name":"us-central1-api"},"extension":{},"message":"[runtime-status] [5020] Ephemeral server handling GET request"}}
[debug] [2022-05-09T03:16:37.402Z] [runtime-status] [5020] Ephemeral server survived. {"metadata":{"emulator":{"name":"functions"},"function":{"name":"us-central1-api"},"extension":{},"message":"[runtime-status] [5020] Ephemeral server survived."}}
[debug] [2022-05-09T03:16:37.405Z] <<< [apiv2][status] GET http://localhost:5001/template-firebase-crud/us-central1/api/ 404
[debug] [2022-05-09T03:16:37.405Z] <<< [apiv2][body] GET http://localhost:5001/template-firebase-crud/us-central1/api/ [stream]
[info] i  hosting: ::1 - - [09/May/2022:03:16:37 +0000] "GET / HTTP/1.1" 404 139 "-" "Mozilla/5.0 (Macintosh; Intel Mac OS X 10_15_7) AppleWebKit/537.36 (KHTML, like Gecko) Chrome/101.0.4951.54 Safari/537.36" {"metadata":{"emulator":{"name":"hosting"},"message":"::1 - - [09/May/2022:03:16:37 +0000] \"GET / HTTP/1.1\" 404 139 \"-\" \"Mozilla/5.0 (Macintosh; Intel Mac OS X 10_15_7) AppleWebKit/537.36 (KHTML, like Gecko) Chrome/101.0.4951.54 Safari/537.36\""}}
[info] i  functions: Finished "api" in ~1s {"metadata":{"emulator":{"name":"functions"},"function":{"name":"us-central1-api"},"extension":{},"message":"Finished \"api\" in ~1s"}}
[debug] [2022-05-09T03:16:37.406Z] [worker-us-central1-api-4ea72bcc-791c-491d-9953-bf3c7f9f1493]: IDLE {"metadata":{"emulator":{"name":"functions"},"message":"[worker-us-central1-api-4ea72bcc-791c-491d-9953-bf3c7f9f1493]: IDLE"}}
[debug] [2022-05-09T03:16:37.407Z] [work-queue] {"queueLength":0,"workRunningCount":0}
[debug] [2022-05-09T03:20:11.985Z] File /Users/RODMAC/code/firebase-crud/functions/src/services/template.services.js changed, reloading triggers {"metadata":{"emulator":{"name":"functions"},"message":"File /Users/RODMAC/code/firebase-crud/functions/src/services/template.services.js changed, reloading triggers"}}
[debug] [2022-05-09T03:20:12.988Z] [worker-pool] Shutting down IDLE worker (us-central1-api) {"metadata":{"emulator":{"name":"functions"},"message":"[worker-pool] Shutting down IDLE worker (us-central1-api)"}}
[debug] [2022-05-09T03:20:12.988Z] [worker-us-central1-api-4ea72bcc-791c-491d-9953-bf3c7f9f1493]: FINISHING {"metadata":{"emulator":{"name":"functions"},"message":"[worker-us-central1-api-4ea72bcc-791c-491d-9953-bf3c7f9f1493]: FINISHING"}}
[debug] [2022-05-09T03:20:12.990Z] Validating nodejs source
[debug] [2022-05-09T03:20:13.622Z] > [functions] package.json contents: {
  "name": "functions",
  "description": "Cloud Functions for Firebase",
  "scripts": {
    "serve": "firebase emulators:start --only functions",
    "shell": "firebase functions:shell",
    "start": "npm run shell",
    "deploy": "firebase deploy --only functions",
    "logs": "firebase functions:log"
  },
  "engines": {
    "node": "16"
  },
  "main": "index.js",
  "type": "module",
  "dependencies": {
    "cors": "^2.8.5",
    "express": "^4.18.1",
    "firebase-admin": "^10.2.0",
    "firebase-functions": "^3.18.0"
  },
  "devDependencies": {
    "firebase-functions-test": "^0.2.0"
  },
  "private": true
}
[debug] [2022-05-09T03:20:13.623Z] Building nodejs source
[debug] [2022-05-09T03:20:13.623Z] Analyzing nodejs backend spec
[debug] [2022-05-09T03:20:13.626Z] [worker-us-central1-api-4ea72bcc-791c-491d-9953-bf3c7f9f1493]: exited {"metadata":{"emulator":{"name":"functions"},"message":"[worker-us-central1-api-4ea72bcc-791c-491d-9953-bf3c7f9f1493]: exited"}}
[debug] [2022-05-09T03:20:13.626Z] [worker-us-central1-api-4ea72bcc-791c-491d-9953-bf3c7f9f1493]: FINISHED {"metadata":{"emulator":{"name":"functions"},"message":"[worker-us-central1-api-4ea72bcc-791c-491d-9953-bf3c7f9f1493]: FINISHED"}}
[info] [hosting] Rewriting / to http://localhost:5001/template-firebase-crud/us-central1/api for local Function us-central1/api
[debug] [2022-05-09T03:21:49.180Z] >>> [apiv2][query] POST http://localhost:5001/template-firebase-crud/us-central1/api/ 
[debug] [2022-05-09T03:21:49.180Z] >>> [apiv2][body] POST http://localhost:5001/template-firebase-crud/us-central1/api/ [stream]
[debug] [2022-05-09T03:21:49.184Z] [work-queue] {"queueLength":1,"workRunningCount":0}
[debug] [2022-05-09T03:21:49.185Z] [work-queue] {"queueLength":0,"workRunningCount":1}
[debug] [2022-05-09T03:21:49.185Z] Accepted request POST /template-firebase-crud/us-central1/api/ --> us-central1-api
[debug] [2022-05-09T03:21:49.185Z] [worker-pool] Cleaned up workers for us-central1-api: 1 --> 0 {"metadata":{"emulator":{"name":"functions"},"message":"[worker-pool] Cleaned up workers for us-central1-api: 1 --> 0"}}
[debug] [2022-05-09T03:21:49.194Z] [worker-pool] addWorker(us-central1-api) {"metadata":{"emulator":{"name":"functions"},"message":"[worker-pool] addWorker(us-central1-api)"}}
[debug] [2022-05-09T03:21:49.194Z] [worker-pool] Adding worker with key us-central1-api, total=1 {"metadata":{"emulator":{"name":"functions"},"message":"[worker-pool] Adding worker with key us-central1-api, total=1"}}
[debug] [2022-05-09T03:21:49.195Z] [worker-pool] submitWork(triggerId=us-central1-api) {"metadata":{"emulator":{"name":"functions"},"message":"[worker-pool] submitWork(triggerId=us-central1-api)"}}
[debug] [2022-05-09T03:21:49.195Z] [worker-us-central1-api-e684499a-3a00-4816-a39a-cbabb80a0b16]: Assigning socketPath: /var/folders/79/nq1959v15y7bfsrpxh_51rpr0000gn/T/fire_emu_5083.sock {"metadata":{"emulator":{"name":"functions"},"message":"[worker-us-central1-api-e684499a-3a00-4816-a39a-cbabb80a0b16]: Assigning socketPath: /var/folders/79/nq1959v15y7bfsrpxh_51rpr0000gn/T/fire_emu_5083.sock"}}
[debug] [2022-05-09T03:21:49.195Z] [worker-us-central1-api-e684499a-3a00-4816-a39a-cbabb80a0b16]: BUSY {"metadata":{"emulator":{"name":"functions"},"message":"[worker-us-central1-api-e684499a-3a00-4816-a39a-cbabb80a0b16]: BUSY"}}
[debug] [2022-05-09T03:21:49.585Z] [runtime-status] [5083] Functions runtime initialized. {"cwd":"/Users/RODMAC/code/firebase-crud/functions","node_version":"17.4.0"} {"metadata":{"emulator":{"name":"functions"},"function":{"name":"us-central1-api"},"extension":{},"message":"[runtime-status] [5083] Functions runtime initialized. {\"cwd\":\"/Users/RODMAC/code/firebase-crud/functions\",\"node_version\":\"17.4.0\"}"}}
[debug] [2022-05-09T03:21:49.585Z] [runtime-status] [5083] Disabled runtime features: undefined {"metadata":{"emulator":{"name":"functions"},"function":{"name":"us-central1-api"},"extension":{},"message":"[runtime-status] [5083] Disabled runtime features: undefined"}}
[debug] [2022-05-09T03:21:49.586Z] [runtime-status] [5083] Resolved module firebase-admin {"declared":true,"installed":true,"version":"10.2.0","resolution":"/Users/RODMAC/code/firebase-crud/functions/node_modules/firebase-admin/lib/index.js"} {"metadata":{"emulator":{"name":"functions"},"function":{"name":"us-central1-api"},"extension":{},"message":"[runtime-status] [5083] Resolved module firebase-admin {\"declared\":true,\"installed\":true,\"version\":\"10.2.0\",\"resolution\":\"/Users/RODMAC/code/firebase-crud/functions/node_modules/firebase-admin/lib/index.js\"}"}}
[debug] [2022-05-09T03:21:49.587Z] [runtime-status] [5083] Resolved module firebase-functions {"declared":true,"installed":true,"version":"3.21.0","resolution":"/Users/RODMAC/code/firebase-crud/functions/node_modules/firebase-functions/lib/index.js"} {"metadata":{"emulator":{"name":"functions"},"function":{"name":"us-central1-api"},"extension":{},"message":"[runtime-status] [5083] Resolved module firebase-functions {\"declared\":true,\"installed\":true,\"version\":\"3.21.0\",\"resolution\":\"/Users/RODMAC/code/firebase-crud/functions/node_modules/firebase-functions/lib/index.js\"}"}}
[debug] [2022-05-09T03:21:49.587Z] [runtime-status] [5083] Outgoing network have been stubbed. [{"name":"http","status":"mocked"},{"name":"http","status":"mocked"},{"name":"https","status":"mocked"},{"name":"https","status":"mocked"},{"name":"net","status":"mocked"}] {"metadata":{"emulator":{"name":"functions"},"function":{"name":"us-central1-api"},"extension":{},"message":"[runtime-status] [5083] Outgoing network have been stubbed. [{\"name\":\"http\",\"status\":\"mocked\"},{\"name\":\"http\",\"status\":\"mocked\"},{\"name\":\"https\",\"status\":\"mocked\"},{\"name\":\"https\",\"status\":\"mocked\"},{\"name\":\"net\",\"status\":\"mocked\"}]"}}
[debug] [2022-05-09T03:21:49.587Z] [runtime-status] [5083] Resolved module firebase-functions {"declared":true,"installed":true,"version":"3.21.0","resolution":"/Users/RODMAC/code/firebase-crud/functions/node_modules/firebase-functions/lib/index.js"} {"metadata":{"emulator":{"name":"functions"},"function":{"name":"us-central1-api"},"extension":{},"message":"[runtime-status] [5083] Resolved module firebase-functions {\"declared\":true,\"installed\":true,\"version\":\"3.21.0\",\"resolution\":\"/Users/RODMAC/code/firebase-crud/functions/node_modules/firebase-functions/lib/index.js\"}"}}
[debug] [2022-05-09T03:21:49.603Z] [runtime-status] [5083] Checked functions.config() {"config":{}} {"metadata":{"emulator":{"name":"functions"},"function":{"name":"us-central1-api"},"extension":{},"message":"[runtime-status] [5083] Checked functions.config() {\"config\":{}}"}}
[debug] [2022-05-09T03:21:49.604Z] [runtime-status] [5083] firebase-functions has been stubbed. {"functionsResolution":{"declared":true,"installed":true,"version":"3.21.0","resolution":"/Users/RODMAC/code/firebase-crud/functions/node_modules/firebase-functions/lib/index.js"}} {"metadata":{"emulator":{"name":"functions"},"function":{"name":"us-central1-api"},"extension":{},"message":"[runtime-status] [5083] firebase-functions has been stubbed. {\"functionsResolution\":{\"declared\":true,\"installed\":true,\"version\":\"3.21.0\",\"resolution\":\"/Users/RODMAC/code/firebase-crud/functions/node_modules/firebase-functions/lib/index.js\"}}"}}
[debug] [2022-05-09T03:21:49.605Z] [runtime-status] [5083] Resolved module firebase-functions {"declared":true,"installed":true,"version":"3.21.0","resolution":"/Users/RODMAC/code/firebase-crud/functions/node_modules/firebase-functions/lib/index.js"} {"metadata":{"emulator":{"name":"functions"},"function":{"name":"us-central1-api"},"extension":{},"message":"[runtime-status] [5083] Resolved module firebase-functions {\"declared\":true,\"installed\":true,\"version\":\"3.21.0\",\"resolution\":\"/Users/RODMAC/code/firebase-crud/functions/node_modules/firebase-functions/lib/index.js\"}"}}
[debug] [2022-05-09T03:21:49.605Z] [runtime-status] [5083] Resolved module firebase-admin {"declared":true,"installed":true,"version":"10.2.0","resolution":"/Users/RODMAC/code/firebase-crud/functions/node_modules/firebase-admin/lib/index.js"} {"metadata":{"emulator":{"name":"functions"},"function":{"name":"us-central1-api"},"extension":{},"message":"[runtime-status] [5083] Resolved module firebase-admin {\"declared\":true,\"installed\":true,\"version\":\"10.2.0\",\"resolution\":\"/Users/RODMAC/code/firebase-crud/functions/node_modules/firebase-admin/lib/index.js\"}"}}
[debug] [2022-05-09T03:21:49.605Z] [runtime-status] [5083] Resolved module firebase-functions {"declared":true,"installed":true,"version":"3.21.0","resolution":"/Users/RODMAC/code/firebase-crud/functions/node_modules/firebase-functions/lib/index.js"} {"metadata":{"emulator":{"name":"functions"},"function":{"name":"us-central1-api"},"extension":{},"message":"[runtime-status] [5083] Resolved module firebase-functions {\"declared\":true,\"installed\":true,\"version\":\"3.21.0\",\"resolution\":\"/Users/RODMAC/code/firebase-crud/functions/node_modules/firebase-functions/lib/index.js\"}"}}
[debug] [2022-05-09T03:21:49.605Z] [runtime-status] [5083] firebase-admin has been stubbed. {"adminResolution":{"declared":true,"installed":true,"version":"10.2.0","resolution":"/Users/RODMAC/code/firebase-crud/functions/node_modules/firebase-admin/lib/index.js"}} {"metadata":{"emulator":{"name":"functions"},"function":{"name":"us-central1-api"},"extension":{},"message":"[runtime-status] [5083] firebase-admin has been stubbed. {\"adminResolution\":{\"declared\":true,\"installed\":true,\"version\":\"10.2.0\",\"resolution\":\"/Users/RODMAC/code/firebase-crud/functions/node_modules/firebase-admin/lib/index.js\"}}"}}
[debug] [2022-05-09T03:21:49.645Z] [runtime-status] [5083] Beginning invocation function api! {"metadata":{"emulator":{"name":"functions"},"function":{"name":"us-central1-api"},"extension":{},"message":"[runtime-status] [5083] Beginning invocation function api!"}}
[info] i  functions: Beginning execution of "api" {"metadata":{"emulator":{"name":"functions"},"function":{"name":"us-central1-api"},"extension":{},"message":"Beginning execution of \"api\""}}
[debug] [2022-05-09T03:21:49.645Z] [runtime-status] [5083] Running api in signature http {"metadata":{"emulator":{"name":"functions"},"function":{"name":"us-central1-api"},"extension":{},"message":"[runtime-status] [5083] Running api in signature http"}}
[debug] [2022-05-09T03:21:49.646Z] [runtime-status] [5083] Attempting to listen to socketPath: /var/folders/79/nq1959v15y7bfsrpxh_51rpr0000gn/T/fire_emu_5083.sock {"metadata":{"emulator":{"name":"functions"},"function":{"name":"us-central1-api"},"extension":{},"message":"[runtime-status] [5083] Attempting to listen to socketPath: /var/folders/79/nq1959v15y7bfsrpxh_51rpr0000gn/T/fire_emu_5083.sock"}}
[debug] [2022-05-09T03:21:49.650Z] [functions] Runtime ready! Sending request! {"metadata":{"emulator":{"name":"functions"},"message":"[functions] Runtime ready! Sending request!"}}
[debug] [2022-05-09T03:21:49.650Z] [functions] Got req.url=/template-firebase-crud/us-central1/api/, mapping to path=/ {"metadata":{"emulator":{"name":"functions"},"message":"[functions] Got req.url=/template-firebase-crud/us-central1/api/, mapping to path=/"}}
[debug] [2022-05-09T03:21:49.659Z] [runtime-status] [5083] Ephemeral server handling POST request {"metadata":{"emulator":{"name":"functions"},"function":{"name":"us-central1-api"},"extension":{},"message":"[runtime-status] [5083] Ephemeral server handling POST request"}}
[debug] [2022-05-09T03:21:49.660Z] [runtime-status] [5083] Ephemeral server survived. {"metadata":{"emulator":{"name":"functions"},"function":{"name":"us-central1-api"},"extension":{},"message":"[runtime-status] [5083] Ephemeral server survived."}}
[debug] [2022-05-09T03:21:49.662Z] <<< [apiv2][status] POST http://localhost:5001/template-firebase-crud/us-central1/api/ 404
[debug] [2022-05-09T03:21:49.662Z] <<< [apiv2][body] POST http://localhost:5001/template-firebase-crud/us-central1/api/ [stream]
[info] i  hosting: ::1 - - [09/May/2022:03:21:49 +0000] "POST / HTTP/1.1" 404 140 "-" "PostmanRuntime/7.29.0" {"metadata":{"emulator":{"name":"hosting"},"message":"::1 - - [09/May/2022:03:21:49 +0000] \"POST / HTTP/1.1\" 404 140 \"-\" \"PostmanRuntime/7.29.0\""}}
[info] i  functions: Finished "api" in ~1s {"metadata":{"emulator":{"name":"functions"},"function":{"name":"us-central1-api"},"extension":{},"message":"Finished \"api\" in ~1s"}}
[debug] [2022-05-09T03:21:49.663Z] [worker-us-central1-api-e684499a-3a00-4816-a39a-cbabb80a0b16]: IDLE {"metadata":{"emulator":{"name":"functions"},"message":"[worker-us-central1-api-e684499a-3a00-4816-a39a-cbabb80a0b16]: IDLE"}}
[debug] [2022-05-09T03:21:49.663Z] [work-queue] {"queueLength":0,"workRunningCount":0}
[debug] [2022-05-09T03:24:45.751Z] File /Users/RODMAC/code/firebase-crud/functions/src/gateway/template.gateway.js changed, reloading triggers {"metadata":{"emulator":{"name":"functions"},"message":"File /Users/RODMAC/code/firebase-crud/functions/src/gateway/template.gateway.js changed, reloading triggers"}}
[debug] [2022-05-09T03:24:46.754Z] [worker-pool] Shutting down IDLE worker (us-central1-api) {"metadata":{"emulator":{"name":"functions"},"message":"[worker-pool] Shutting down IDLE worker (us-central1-api)"}}
[debug] [2022-05-09T03:24:46.754Z] [worker-us-central1-api-e684499a-3a00-4816-a39a-cbabb80a0b16]: FINISHING {"metadata":{"emulator":{"name":"functions"},"message":"[worker-us-central1-api-e684499a-3a00-4816-a39a-cbabb80a0b16]: FINISHING"}}
[debug] [2022-05-09T03:24:46.756Z] Validating nodejs source
[debug] [2022-05-09T03:24:47.379Z] > [functions] package.json contents: {
  "name": "functions",
  "description": "Cloud Functions for Firebase",
  "scripts": {
    "serve": "firebase emulators:start --only functions",
    "shell": "firebase functions:shell",
    "start": "npm run shell",
    "deploy": "firebase deploy --only functions",
    "logs": "firebase functions:log"
  },
  "engines": {
    "node": "16"
  },
  "main": "index.js",
  "type": "module",
  "dependencies": {
    "cors": "^2.8.5",
    "express": "^4.18.1",
    "firebase-admin": "^10.2.0",
    "firebase-functions": "^3.18.0"
  },
  "devDependencies": {
    "firebase-functions-test": "^0.2.0"
  },
  "private": true
}
[debug] [2022-05-09T03:24:47.380Z] Building nodejs source
[debug] [2022-05-09T03:24:47.380Z] Analyzing nodejs backend spec
[debug] [2022-05-09T03:24:47.383Z] [worker-us-central1-api-e684499a-3a00-4816-a39a-cbabb80a0b16]: exited {"metadata":{"emulator":{"name":"functions"},"message":"[worker-us-central1-api-e684499a-3a00-4816-a39a-cbabb80a0b16]: exited"}}
[debug] [2022-05-09T03:24:47.383Z] [worker-us-central1-api-e684499a-3a00-4816-a39a-cbabb80a0b16]: FINISHED {"metadata":{"emulator":{"name":"functions"},"message":"[worker-us-central1-api-e684499a-3a00-4816-a39a-cbabb80a0b16]: FINISHED"}}
[debug] [2022-05-09T03:25:53.617Z] File /Users/RODMAC/code/firebase-crud/functions/index.js changed, reloading triggers {"metadata":{"emulator":{"name":"functions"},"message":"File /Users/RODMAC/code/firebase-crud/functions/index.js changed, reloading triggers"}}
[debug] [2022-05-09T03:25:54.621Z] Validating nodejs source
[debug] [2022-05-09T03:25:55.267Z] > [functions] package.json contents: {
  "name": "functions",
  "description": "Cloud Functions for Firebase",
  "scripts": {
    "serve": "firebase emulators:start --only functions",
    "shell": "firebase functions:shell",
    "start": "npm run shell",
    "deploy": "firebase deploy --only functions",
    "logs": "firebase functions:log"
  },
  "engines": {
    "node": "16"
  },
  "main": "index.js",
  "type": "module",
  "dependencies": {
    "cors": "^2.8.5",
    "express": "^4.18.1",
    "firebase-admin": "^10.2.0",
    "firebase-functions": "^3.18.0"
  },
  "devDependencies": {
    "firebase-functions-test": "^0.2.0"
  },
  "private": true
}
[debug] [2022-05-09T03:25:55.268Z] Building nodejs source
[debug] [2022-05-09T03:25:55.268Z] Analyzing nodejs backend spec
[debug] [2022-05-09T03:26:09.481Z] File /Users/RODMAC/code/firebase-crud/functions/src/services/template.services.js changed, reloading triggers {"metadata":{"emulator":{"name":"functions"},"message":"File /Users/RODMAC/code/firebase-crud/functions/src/services/template.services.js changed, reloading triggers"}}
[debug] [2022-05-09T03:26:10.483Z] Validating nodejs source
[debug] [2022-05-09T03:26:11.197Z] > [functions] package.json contents: {
  "name": "functions",
  "description": "Cloud Functions for Firebase",
  "scripts": {
    "serve": "firebase emulators:start --only functions",
    "shell": "firebase functions:shell",
    "start": "npm run shell",
    "deploy": "firebase deploy --only functions",
    "logs": "firebase functions:log"
  },
  "engines": {
    "node": "16"
  },
  "main": "index.js",
  "type": "module",
  "dependencies": {
    "cors": "^2.8.5",
    "express": "^4.18.1",
    "firebase-admin": "^10.2.0",
    "firebase-functions": "^3.18.0"
  },
  "devDependencies": {
    "firebase-functions-test": "^0.2.0"
  },
  "private": true
}
[debug] [2022-05-09T03:26:11.197Z] Building nodejs source
[debug] [2022-05-09T03:26:11.197Z] Analyzing nodejs backend spec
